F:\LORENZ ASSIGNMENT\DEBUG\LORENZ ASSIGNMENT.EXE
F:\LORENZ ASSIGNMENT\DEBUG\LORENZ ASSIGNMENT.ILK
F:\LORENZ ASSIGNMENT\DEBUG\LORENZ ASSIGNMENT.PDB
F:\LORENZ ASSIGNMENT\LORENZ ASSIGNMENT\DEBUG\BAUDOT.OBJ
F:\LORENZ ASSIGNMENT\LORENZ ASSIGNMENT\DEBUG\LORENZ ASSIGNMENT.EXE.INTERMEDIATE.MANIFEST
F:\LORENZ ASSIGNMENT\LORENZ ASSIGNMENT\DEBUG\LORENZMACHINE.OBJ
F:\LORENZ ASSIGNMENT\LORENZ ASSIGNMENT\DEBUG\LORENZWHEEL.OBJ
F:\LORENZ ASSIGNMENT\LORENZ ASSIGNMENT\DEBUG\LORENZWHEELCOLLECTION.OBJ
F:\LORENZ ASSIGNMENT\LORENZ ASSIGNMENT\DEBUG\MAIN.OBJ
F:\LORENZ ASSIGNMENT\LORENZ ASSIGNMENT\DEBUG\VC100.PDB
H:\LORENZ ASSIGNMENT\DEBUG\LORENZ ASSIGNMENT.EXE
H:\LORENZ ASSIGNMENT\DEBUG\LORENZ ASSIGNMENT.ILK
H:\LORENZ ASSIGNMENT\DEBUG\LORENZ ASSIGNMENT.PDB
H:\LORENZ ASSIGNMENT\LORENZ ASSIGNMENT\DEBUG\BAUDOT.OBJ
H:\Lorenz Assignment\Lorenz Assignment\Debug\cl.command.1.tlog
H:\Lorenz Assignment\Lorenz Assignment\Debug\CL.read.1.tlog
H:\Lorenz Assignment\Lorenz Assignment\Debug\CL.write.1.tlog
H:\Lorenz Assignment\Lorenz Assignment\Debug\link.command.1.tlog
H:\Lorenz Assignment\Lorenz Assignment\Debug\link.read.1.tlog
H:\Lorenz Assignment\Lorenz Assignment\Debug\link.write.1.tlog
H:\LORENZ ASSIGNMENT\LORENZ ASSIGNMENT\DEBUG\LORENZ ASSIGNMENT.EXE.INTERMEDIATE.MANIFEST
H:\Lorenz Assignment\Lorenz Assignment\Debug\Lorenz Assignment.vcxprojResolveAssemblyReference.cache
H:\Lorenz Assignment\Lorenz Assignment\Debug\Lorenz Assignment.write.1.tlog
H:\LORENZ ASSIGNMENT\LORENZ ASSIGNMENT\DEBUG\LORENZMACHINE.OBJ
H:\LORENZ ASSIGNMENT\LORENZ ASSIGNMENT\DEBUG\LORENZWHEEL.OBJ
H:\LORENZ ASSIGNMENT\LORENZ ASSIGNMENT\DEBUG\LORENZWHEELCOLLECTION.OBJ
H:\LORENZ ASSIGNMENT\LORENZ ASSIGNMENT\DEBUG\MAIN.OBJ
H:\Lorenz Assignment\Lorenz Assignment\Debug\mt.command.1.tlog
H:\Lorenz Assignment\Lorenz Assignment\Debug\mt.read.1.tlog
H:\Lorenz Assignment\Lorenz Assignment\Debug\mt.write.1.tlog
H:\Lorenz Assignment\Lorenz Assignment\Debug\vc100.idb
H:\LORENZ ASSIGNMENT\LORENZ ASSIGNMENT\DEBUG\VC100.PDB
